[2015-03-03-11-20] [pool-1-thread-1] - INFO : Driver initialized
[2015-03-03-11-27] [pool-1-thread-1] - INFO : Navigate to URL
[2015-03-03-11-31] [pool-1-thread-1] - INFO : *****Start - PW Login********
[2015-03-03-11-37] [pool-1-thread-1] - INFO : PW Login page is displayed
[2015-03-03-11-37] [pool-1-thread-1] - INFO : check login page value: true
[2015-03-03-12-01] [pool-1-thread-1] - INFO : *****End - PW Login********
[2015-03-03-12-01] [pool-1-thread-1] - INFO : Login completed
[2015-03-03-12-01] [pool-1-thread-1] - INFO : User is logged into the application
[2015-03-03-12-01] [pool-1-thread-1] - WARN : Skipped Navigate to modules
[2015-03-03-12-01] [pool-1-thread-1] - INFO : *****Start - PW Logout********
[2015-03-03-12-01] [pool-1-thread-1] - INFO : check login value: true
[2015-03-03-12-01] [pool-1-thread-1] - INFO : Logout link is displayed
[2015-03-03-12-12] [pool-1-thread-1] - INFO : PW Login page is displayed
[2015-03-03-12-12] [pool-1-thread-1] - INFO : User successfully logged out of the application
[2015-03-03-12-12] [pool-1-thread-1] - INFO : *****End - PW Logout********
[2015-03-03-12-13] [pool-1-thread-1] - INFO : Logout completed
[2015-03-03-12-22] [pool-1-thread-1] - INFO : Driver initialized
[2015-03-03-12-30] [pool-1-thread-1] - INFO : Navigate to URL
[2015-03-03-12-34] [pool-1-thread-1] - INFO : *****Start - PW Login********
[2015-03-03-12-39] [pool-1-thread-1] - INFO : PW Login page is displayed
[2015-03-03-12-39] [pool-1-thread-1] - INFO : check login page value: true
[2015-03-03-12-53] [pool-1-thread-1] - INFO : *****End - PW Login********
[2015-03-03-12-53] [pool-1-thread-1] - INFO : Login completed
[2015-03-03-12-56] [pool-1-thread-1] - ERROR : User is NOT logged into the application
[2015-03-03-12-58] [pool-1-thread-1] - WARN : Skipped Navigate to modules
[2015-03-03-12-58] [pool-1-thread-1] - INFO : *****Start - PW Logout********
[2015-03-03-12-58] [pool-1-thread-1] - INFO : check login value: false
[2015-03-03-12-58] [pool-1-thread-1] - WARN : Logout link is NOT displayed
[2015-03-03-12-59] [pool-1-thread-1] - INFO : *****End - PW Logout********
[2015-03-03-12-59] [pool-1-thread-1] - INFO : Logout completed
