[2015-03-03-20-44] [pool-1-thread-1] - INFO : Driver initialized
[2015-03-03-20-51] [pool-1-thread-1] - INFO : Navigate to URL
[2015-03-03-20-55] [pool-1-thread-1] - INFO : *****Start - PW Login********
[2015-03-03-21-00] [pool-1-thread-1] - INFO : PW Login page is displayed
[2015-03-03-21-00] [pool-1-thread-1] - INFO : check login page value: true
[2015-03-03-21-23] [pool-1-thread-1] - INFO : *****End - PW Login********
[2015-03-03-21-23] [pool-1-thread-1] - INFO : Login completed
[2015-03-03-21-23] [pool-1-thread-1] - INFO : User is logged into the application
[2015-03-03-21-23] [pool-1-thread-1] - WARN : Skipped Navigate to modules
[2015-03-03-21-23] [pool-1-thread-1] - INFO : *****Start - PW Logout********
[2015-03-03-21-23] [pool-1-thread-1] - INFO : check login value: true
[2015-03-03-21-23] [pool-1-thread-1] - INFO : Logout link is displayed
[2015-03-03-21-36] [pool-1-thread-1] - INFO : PW Login page is displayed
[2015-03-03-21-36] [pool-1-thread-1] - INFO : User successfully logged out of the application
[2015-03-03-21-36] [pool-1-thread-1] - INFO : *****End - PW Logout********
[2015-03-03-21-37] [pool-1-thread-1] - INFO : Logout completed
[2015-03-03-21-47] [pool-1-thread-1] - INFO : Driver initialized
[2015-03-03-21-54] [pool-1-thread-1] - INFO : Navigate to URL
[2015-03-03-21-58] [pool-1-thread-1] - INFO : *****Start - PW Login********
[2015-03-03-22-03] [pool-1-thread-1] - INFO : PW Login page is displayed
[2015-03-03-22-03] [pool-1-thread-1] - INFO : check login page value: true
[2015-03-03-22-17] [pool-1-thread-1] - INFO : *****End - PW Login********
[2015-03-03-22-17] [pool-1-thread-1] - INFO : Login completed
[2015-03-03-22-18] [pool-1-thread-1] - ERROR : User is NOT logged into the application
[2015-03-03-22-21] [pool-1-thread-1] - WARN : Skipped Navigate to modules
[2015-03-03-22-21] [pool-1-thread-1] - INFO : *****Start - PW Logout********
[2015-03-03-22-21] [pool-1-thread-1] - INFO : check login value: false
[2015-03-03-22-21] [pool-1-thread-1] - WARN : Logout link is NOT displayed
[2015-03-03-22-22] [pool-1-thread-1] - INFO : *****End - PW Logout********
[2015-03-03-22-22] [pool-1-thread-1] - INFO : Logout completed
