[2015-03-04-32-54] [pool-1-thread-1] - INFO : Driver initialized
[2015-03-04-33-02] [pool-1-thread-1] - INFO : Navigate to URL
[2015-03-04-33-06] [pool-1-thread-1] - INFO : *****Start - PW Login********
[2015-03-04-33-11] [pool-1-thread-1] - INFO : PW Login page is displayed
[2015-03-04-33-11] [pool-1-thread-1] - INFO : check login page value: true
[2015-03-04-33-34] [pool-1-thread-1] - INFO : *****End - PW Login********
[2015-03-04-33-34] [pool-1-thread-1] - INFO : Login completed
[2015-03-04-33-34] [pool-1-thread-1] - INFO : User is logged into the application
[2015-03-04-33-34] [pool-1-thread-1] - WARN : Skipped Navigate to modules
[2015-03-04-33-34] [pool-1-thread-1] - INFO : *****Start - PW Logout********
[2015-03-04-33-34] [pool-1-thread-1] - INFO : check login value: true
[2015-03-04-33-34] [pool-1-thread-1] - INFO : Logout link is displayed
[2015-03-04-33-45] [pool-1-thread-1] - INFO : PW Login page is displayed
[2015-03-04-33-45] [pool-1-thread-1] - INFO : User successfully logged out of the application
[2015-03-04-33-45] [pool-1-thread-1] - INFO : *****End - PW Logout********
[2015-03-04-33-46] [pool-1-thread-1] - INFO : Logout completed
[2015-03-04-34-00] [pool-1-thread-1] - INFO : Driver initialized
[2015-03-04-34-07] [pool-1-thread-1] - INFO : Navigate to URL
[2015-03-04-34-11] [pool-1-thread-1] - INFO : *****Start - PW Login********
[2015-03-04-34-16] [pool-1-thread-1] - INFO : PW Login page is displayed
[2015-03-04-34-16] [pool-1-thread-1] - INFO : check login page value: true
[2015-03-04-34-31] [pool-1-thread-1] - INFO : *****End - PW Login********
[2015-03-04-34-31] [pool-1-thread-1] - INFO : Login completed
[2015-03-04-34-33] [pool-1-thread-1] - ERROR : User is NOT logged into the application
[2015-03-04-34-36] [pool-1-thread-1] - WARN : Skipped Navigate to modules
[2015-03-04-34-36] [pool-1-thread-1] - INFO : *****Start - PW Logout********
[2015-03-04-34-36] [pool-1-thread-1] - INFO : check login value: false
[2015-03-04-34-36] [pool-1-thread-1] - WARN : Logout link is NOT displayed
[2015-03-04-34-37] [pool-1-thread-1] - INFO : *****End - PW Logout********
[2015-03-04-34-38] [pool-1-thread-1] - INFO : Logout completed
