[2015-03-04-00-56] [pool-1-thread-1] - INFO : Driver initialized
[2015-03-04-01-06] [pool-1-thread-1] - INFO : Navigate to URL
[2015-03-04-01-14] [pool-1-thread-1] - INFO : *****Start - PW Login********
[2015-03-04-01-20] [pool-1-thread-1] - INFO : PW Login page is displayed
[2015-03-04-01-20] [pool-1-thread-1] - INFO : check login page value: true
[2015-03-04-01-45] [pool-1-thread-1] - INFO : *****End - PW Login********
[2015-03-04-01-45] [pool-1-thread-1] - INFO : Login completed
[2015-03-04-01-45] [pool-1-thread-1] - INFO : User is logged into the application
[2015-03-04-01-45] [pool-1-thread-1] - WARN : Skipped Navigate to modules
[2015-03-04-01-45] [pool-1-thread-1] - INFO : *****Start - PW Logout********
[2015-03-04-01-45] [pool-1-thread-1] - INFO : check login value: true
[2015-03-04-01-45] [pool-1-thread-1] - INFO : Logout link is displayed
[2015-03-04-01-56] [pool-1-thread-1] - INFO : PW Login page is displayed
[2015-03-04-01-56] [pool-1-thread-1] - INFO : User successfully logged out of the application
[2015-03-04-01-56] [pool-1-thread-1] - INFO : *****End - PW Logout********
[2015-03-04-01-57] [pool-1-thread-1] - INFO : Logout completed
[2015-03-04-02-09] [pool-1-thread-1] - INFO : Driver initialized
[2015-03-04-02-16] [pool-1-thread-1] - INFO : Navigate to URL
[2015-03-04-02-20] [pool-1-thread-1] - INFO : *****Start - PW Login********
[2015-03-04-02-25] [pool-1-thread-1] - INFO : PW Login page is displayed
[2015-03-04-02-26] [pool-1-thread-1] - INFO : check login page value: true
[2015-03-04-02-40] [pool-1-thread-1] - INFO : *****End - PW Login********
[2015-03-04-02-40] [pool-1-thread-1] - INFO : Login completed
[2015-03-04-02-45] [pool-1-thread-1] - ERROR : User is NOT logged into the application
[2015-03-04-02-48] [pool-1-thread-1] - WARN : Skipped Navigate to modules
[2015-03-04-02-48] [pool-1-thread-1] - INFO : *****Start - PW Logout********
[2015-03-04-02-48] [pool-1-thread-1] - INFO : check login value: false
[2015-03-04-02-48] [pool-1-thread-1] - WARN : Logout link is NOT displayed
[2015-03-04-02-49] [pool-1-thread-1] - INFO : *****End - PW Logout********
[2015-03-04-02-50] [pool-1-thread-1] - INFO : Logout completed
