[2015-03-04-19-57] [pool-1-thread-1] - INFO : Driver initialized
[2015-03-04-20-05] [pool-1-thread-1] - INFO : Navigate to URL
[2015-03-04-20-08] [pool-1-thread-1] - INFO : *****Start - PW Login********
[2015-03-04-20-14] [pool-1-thread-1] - INFO : PW Login page is displayed
[2015-03-04-20-14] [pool-1-thread-1] - INFO : check login page value: true
[2015-03-04-20-37] [pool-1-thread-1] - INFO : *****End - PW Login********
[2015-03-04-20-37] [pool-1-thread-1] - INFO : Login completed
[2015-03-04-20-37] [pool-1-thread-1] - INFO : User is logged into the application
[2015-03-04-20-38] [pool-1-thread-1] - WARN : Skipped Navigate to modules
[2015-03-04-20-38] [pool-1-thread-1] - INFO : *****Start - PW Logout********
[2015-03-04-20-38] [pool-1-thread-1] - INFO : check login value: true
[2015-03-04-20-38] [pool-1-thread-1] - INFO : Logout link is displayed
[2015-03-04-20-48] [pool-1-thread-1] - INFO : PW Login page is displayed
[2015-03-04-20-48] [pool-1-thread-1] - INFO : User successfully logged out of the application
[2015-03-04-20-48] [pool-1-thread-1] - INFO : *****End - PW Logout********
[2015-03-04-20-49] [pool-1-thread-1] - INFO : Logout completed
[2015-03-04-21-05] [pool-1-thread-1] - INFO : Driver initialized
[2015-03-04-21-13] [pool-1-thread-1] - INFO : Navigate to URL
[2015-03-04-21-17] [pool-1-thread-1] - INFO : *****Start - PW Login********
[2015-03-04-21-22] [pool-1-thread-1] - INFO : PW Login page is displayed
[2015-03-04-21-22] [pool-1-thread-1] - INFO : check login page value: true
[2015-03-04-21-36] [pool-1-thread-1] - INFO : *****End - PW Login********
[2015-03-04-21-36] [pool-1-thread-1] - INFO : Login completed
[2015-03-04-21-38] [pool-1-thread-1] - ERROR : User is NOT logged into the application
[2015-03-04-21-42] [pool-1-thread-1] - WARN : Skipped Navigate to modules
[2015-03-04-21-42] [pool-1-thread-1] - INFO : *****Start - PW Logout********
[2015-03-04-21-42] [pool-1-thread-1] - INFO : check login value: false
[2015-03-04-21-42] [pool-1-thread-1] - WARN : Logout link is NOT displayed
[2015-03-04-21-43] [pool-1-thread-1] - INFO : *****End - PW Logout********
[2015-03-04-21-44] [pool-1-thread-1] - INFO : Logout completed
