[2015-03-04-11-11] [pool-1-thread-1] - INFO : Driver initialized
[2015-03-04-11-18] [pool-1-thread-1] - INFO : Navigate to URL
[2015-03-04-11-25] [pool-1-thread-1] - INFO : *****Start - PW Login********
[2015-03-04-11-30] [pool-1-thread-1] - INFO : PW Login page is displayed
[2015-03-04-11-31] [pool-1-thread-1] - INFO : check login page value: true
[2015-03-04-11-54] [pool-1-thread-1] - INFO : *****End - PW Login********
[2015-03-04-11-54] [pool-1-thread-1] - INFO : Login completed
[2015-03-04-11-55] [pool-1-thread-1] - INFO : User is logged into the application
[2015-03-04-11-55] [pool-1-thread-1] - WARN : Skipped Navigate to modules
[2015-03-04-11-55] [pool-1-thread-1] - INFO : *****Start - PW Logout********
[2015-03-04-11-55] [pool-1-thread-1] - INFO : check login value: true
[2015-03-04-11-55] [pool-1-thread-1] - INFO : Logout link is displayed
[2015-03-04-12-07] [pool-1-thread-1] - INFO : PW Login page is displayed
[2015-03-04-12-08] [pool-1-thread-1] - INFO : User successfully logged out of the application
[2015-03-04-12-08] [pool-1-thread-1] - INFO : *****End - PW Logout********
[2015-03-04-12-09] [pool-1-thread-1] - INFO : Logout completed
[2015-03-04-12-20] [pool-1-thread-1] - INFO : Driver initialized
[2015-03-04-12-26] [pool-1-thread-1] - INFO : Navigate to URL
[2015-03-04-12-30] [pool-1-thread-1] - INFO : *****Start - PW Login********
[2015-03-04-12-35] [pool-1-thread-1] - INFO : PW Login page is displayed
[2015-03-04-12-36] [pool-1-thread-1] - INFO : check login page value: true
[2015-03-04-12-50] [pool-1-thread-1] - INFO : *****End - PW Login********
[2015-03-04-12-50] [pool-1-thread-1] - INFO : Login completed
[2015-03-04-12-52] [pool-1-thread-1] - ERROR : User is NOT logged into the application
[2015-03-04-12-54] [pool-1-thread-1] - WARN : Skipped Navigate to modules
[2015-03-04-12-54] [pool-1-thread-1] - INFO : *****Start - PW Logout********
[2015-03-04-12-54] [pool-1-thread-1] - INFO : check login value: false
[2015-03-04-12-54] [pool-1-thread-1] - WARN : Logout link is NOT displayed
[2015-03-04-12-55] [pool-1-thread-1] - INFO : *****End - PW Logout********
[2015-03-04-12-56] [pool-1-thread-1] - INFO : Logout completed
