[2015-03-04-28-35] [pool-1-thread-1] - INFO : Driver initialized
[2015-03-04-28-43] [pool-1-thread-1] - INFO : Navigate to URL
[2015-03-04-28-46] [pool-1-thread-1] - INFO : *****Start - PW Login********
[2015-03-04-28-52] [pool-1-thread-1] - INFO : PW Login page is displayed
[2015-03-04-28-52] [pool-1-thread-1] - INFO : check login page value: true
[2015-03-04-29-15] [pool-1-thread-1] - INFO : *****End - PW Login********
[2015-03-04-29-15] [pool-1-thread-1] - INFO : Login completed
[2015-03-04-29-15] [pool-1-thread-1] - INFO : User is logged into the application
[2015-03-04-29-15] [pool-1-thread-1] - WARN : Skipped Navigate to modules
[2015-03-04-29-15] [pool-1-thread-1] - INFO : *****Start - PW Logout********
[2015-03-04-29-15] [pool-1-thread-1] - INFO : check login value: true
[2015-03-04-29-15] [pool-1-thread-1] - INFO : Logout link is displayed
[2015-03-04-29-26] [pool-1-thread-1] - INFO : PW Login page is displayed
[2015-03-04-29-26] [pool-1-thread-1] - INFO : User successfully logged out of the application
[2015-03-04-29-26] [pool-1-thread-1] - INFO : *****End - PW Logout********
[2015-03-04-29-27] [pool-1-thread-1] - INFO : Logout completed
[2015-03-04-29-44] [pool-1-thread-1] - INFO : Driver initialized
[2015-03-04-29-51] [pool-1-thread-1] - INFO : Navigate to URL
[2015-03-04-29-55] [pool-1-thread-1] - INFO : *****Start - PW Login********
[2015-03-04-30-01] [pool-1-thread-1] - INFO : PW Login page is displayed
[2015-03-04-30-01] [pool-1-thread-1] - INFO : check login page value: true
[2015-03-04-30-15] [pool-1-thread-1] - INFO : *****End - PW Login********
[2015-03-04-30-15] [pool-1-thread-1] - INFO : Login completed
[2015-03-04-30-18] [pool-1-thread-1] - ERROR : User is NOT logged into the application
[2015-03-04-30-21] [pool-1-thread-1] - WARN : Skipped Navigate to modules
[2015-03-04-30-21] [pool-1-thread-1] - INFO : *****Start - PW Logout********
[2015-03-04-30-21] [pool-1-thread-1] - INFO : check login value: false
[2015-03-04-30-21] [pool-1-thread-1] - WARN : Logout link is NOT displayed
[2015-03-04-30-22] [pool-1-thread-1] - INFO : *****End - PW Logout********
[2015-03-04-30-23] [pool-1-thread-1] - INFO : Logout completed
